[2026-06-04 21:18:04.085] [WARN] - Style file not found: C:\Users\user\AppData\Local\Temp\missing_style.css
[2026-06-04 21:18:04.093] [WARN] - Style file not found: C:\Users\user\AppData\Local\Temp\missing_style.css
[2026-06-04 21:18:04.139] [WARN] - Removed duplicate CSS rule: Internal style block [index=2]
[2026-06-04 21:18:04.146] [WARN] - Removed duplicate CSS rule: Inline style rule [selector=.box]
[2026-06-04 21:18:04.151] [WARN] - Removed duplicate JS block: Internal script block [index=2]
[2026-06-04 21:18:04.152] [WARN] - Removed duplicate JS block: Imported script [src=common.js]
[2026-06-04 21:18:04.161] [WARN] - Removed duplicate JS block: Event listener [selector=.btn, event=click]
[2026-06-04 21:18:04.179] [WARN] - Script file not found: C:\Users\user\AppData\Local\Temp\missing_script.js
[2026-06-04 21:18:04.181] [WARN] - Script file not found: C:\Users\user\AppData\Local\Temp\missing_script.js
[2026-06-04 21:18:04.282] [UPDATE] - Converted display in test.js:3: myDiv.style.display = 'none'; -> myDiv.hidden = true;
[2026-06-04 21:18:04.284] [UPDATE] - Converted display in test.js:4: otherDiv.style.display = "block"; -> otherDiv.hidden = false;
[2026-06-04 21:18:04.286] [UPDATE] - Converted display in test.js:5: emptyDiv.style.display = ""; -> emptyDiv.hidden = false;
[2026-06-04 21:18:04.289] [UPDATE] - Converted jQuery visibility in test.js:6: $(myButton).hide(); -> myButton.hidden = true;
[2026-06-04 21:18:04.291] [UPDATE] - Converted jQuery visibility in test.js:7: $(this).show(); -> this.hidden = false;
[2026-06-04 21:18:04.309] [UPDATE] - CSS file updated at test_home12770486825220738845.css: New Styles Added : 1, Duplicate Styles Skipped : 0
[2026-06-04 21:18:04.319] [UPDATE] - CSS file updated at test_home12770486825220738845.css: New Styles Added : 1, Duplicate Styles Skipped : 1
[2026-06-04 21:18:04.328] [UPDATE] - JS file updated at test_home8604222203681284821.js: New Scripts Added : 1, Duplicate Scripts Skipped : 0
[2026-06-04 21:18:04.337] [UPDATE] - JS file updated at test_home8604222203681284821.js: New Scripts Added : 1, Duplicate Scripts Skipped : 1
[2026-06-04 21:18:17.262] [WARN] - Style file not found: C:\Users\user\AppData\Local\Temp\missing_style.css
[2026-06-04 21:18:17.268] [WARN] - Style file not found: C:\Users\user\AppData\Local\Temp\missing_style.css
[2026-06-04 21:18:17.310] [WARN] - Removed duplicate CSS rule: Internal style block [index=2]
[2026-06-04 21:18:17.315] [WARN] - Removed duplicate CSS rule: Inline style rule [selector=.box]
[2026-06-04 21:18:17.320] [WARN] - Removed duplicate JS block: Internal script block [index=2]
[2026-06-04 21:18:17.322] [WARN] - Removed duplicate JS block: Imported script [src=common.js]
[2026-06-04 21:18:17.328] [WARN] - Removed duplicate JS block: Event listener [selector=.btn, event=click]
[2026-06-04 21:18:17.349] [WARN] - Script file not found: C:\Users\user\AppData\Local\Temp\missing_script.js
[2026-06-04 21:18:17.352] [WARN] - Script file not found: C:\Users\user\AppData\Local\Temp\missing_script.js
[2026-06-04 21:18:17.432] [UPDATE] - Converted display in test.js:3: myDiv.style.display = 'none'; -> myDiv.hidden = true;
[2026-06-04 21:18:17.434] [UPDATE] - Converted display in test.js:4: otherDiv.style.display = "block"; -> otherDiv.hidden = false;
[2026-06-04 21:18:17.436] [UPDATE] - Converted display in test.js:5: emptyDiv.style.display = ""; -> emptyDiv.hidden = false;
[2026-06-04 21:18:17.438] [UPDATE] - Converted jQuery visibility in test.js:6: $(myButton).hide(); -> myButton.hidden = true;
[2026-06-04 21:18:17.440] [UPDATE] - Converted jQuery visibility in test.js:7: $(this).show(); -> this.hidden = false;
[2026-06-04 21:18:17.460] [UPDATE] - CSS file updated at test_home2786965359011434008.css: New Styles Added : 1, Duplicate Styles Skipped : 0
[2026-06-04 21:18:17.471] [UPDATE] - CSS file updated at test_home2786965359011434008.css: New Styles Added : 1, Duplicate Styles Skipped : 1
[2026-06-04 21:18:17.483] [UPDATE] - JS file updated at test_home3243358059924754580.js: New Scripts Added : 1, Duplicate Scripts Skipped : 0
[2026-06-04 21:18:17.490] [UPDATE] - JS file updated at test_home3243358059924754580.js: New Scripts Added : 1, Duplicate Scripts Skipped : 1
[2026-06-04 21:18:39.215] [INFO] - Application starting...
[2026-06-04 21:18:43.961] [INFO] - User selected: New Conversion Mode
