[2026-06-03 19:54:54.053] [WARN] - Removed duplicate CSS rule: Internal style block [index=2]
[2026-06-03 19:54:54.057] [WARN] - Removed duplicate CSS rule: Inline style rule [selector=.box]
[2026-06-03 19:54:54.067] [WARN] - Removed duplicate JS block: Internal script block [index=2]
[2026-06-03 19:54:54.075] [WARN] - Removed duplicate JS block: Imported script [src=common.js]
[2026-06-03 19:54:54.076] [WARN] - Removed duplicate JS block: Event listener [selector=.btn, event=click]
[2026-06-03 19:54:54.242] [WARN] - Script file not found: C:\Users\user\AppData\Local\Temp\missing_script.js
[2026-06-03 19:54:54.246] [WARN] - Script file not found: C:\Users\user\AppData\Local\Temp\missing_script.js
[2026-06-03 19:54:54.273] [WARN] - Style file not found: C:\Users\user\AppData\Local\Temp\missing_style.css
[2026-06-03 19:54:54.279] [WARN] - Style file not found: C:\Users\user\AppData\Local\Temp\missing_style.css
[2026-06-03 19:55:40.796] [WARN] - Removed duplicate CSS rule: Internal style block [index=2]
[2026-06-03 19:55:40.802] [WARN] - Removed duplicate CSS rule: Inline style rule [selector=.box]
[2026-06-03 19:55:40.819] [WARN] - Removed duplicate JS block: Internal script block [index=2]
[2026-06-03 19:55:40.820] [WARN] - Removed duplicate JS block: Imported script [src=common.js]
[2026-06-03 19:55:40.820] [WARN] - Removed duplicate JS block: Event listener [selector=.btn, event=click]
[2026-06-03 19:55:40.979] [WARN] - Script file not found: C:\Users\user\AppData\Local\Temp\missing_script.js
[2026-06-03 19:55:40.979] [WARN] - Script file not found: C:\Users\user\AppData\Local\Temp\missing_script.js
[2026-06-03 19:55:41.003] [WARN] - Style file not found: C:\Users\user\AppData\Local\Temp\missing_style.css
[2026-06-03 19:55:41.006] [WARN] - Style file not found: C:\Users\user\AppData\Local\Temp\missing_style.css
[2026-06-03 20:00:11.396] [WARN] - Removed duplicate CSS rule: Internal style block [index=2]
[2026-06-03 20:00:11.399] [WARN] - Removed duplicate CSS rule: Inline style rule [selector=.box]
[2026-06-03 20:00:11.417] [WARN] - Removed duplicate JS block: Internal script block [index=2]
[2026-06-03 20:00:11.420] [WARN] - Removed duplicate JS block: Imported script [src=common.js]
[2026-06-03 20:00:11.421] [WARN] - Removed duplicate JS block: Event listener [selector=.btn, event=click]
[2026-06-03 20:00:11.601] [WARN] - Script file not found: C:\Users\user\AppData\Local\Temp\missing_script.js
[2026-06-03 20:00:11.601] [WARN] - Script file not found: C:\Users\user\AppData\Local\Temp\missing_script.js
[2026-06-03 20:00:11.632] [WARN] - Style file not found: C:\Users\user\AppData\Local\Temp\missing_style.css
[2026-06-03 20:00:11.636] [WARN] - Style file not found: C:\Users\user\AppData\Local\Temp\missing_style.css
[2026-06-03 20:14:16.730] [WARN] - Removed duplicate CSS rule: Internal style block [index=2]
[2026-06-03 20:14:16.730] [WARN] - Removed duplicate CSS rule: Inline style rule [selector=.box]
[2026-06-03 20:14:16.746] [WARN] - Removed duplicate JS block: Internal script block [index=2]
[2026-06-03 20:14:16.746] [WARN] - Removed duplicate JS block: Imported script [src=common.js]
[2026-06-03 20:14:16.754] [WARN] - Removed duplicate JS block: Event listener [selector=.btn, event=click]
[2026-06-03 20:14:16.925] [WARN] - Script file not found: C:\Users\user\AppData\Local\Temp\missing_script.js
[2026-06-03 20:14:16.928] [WARN] - Script file not found: C:\Users\user\AppData\Local\Temp\missing_script.js
[2026-06-03 20:14:16.951] [WARN] - Style file not found: C:\Users\user\AppData\Local\Temp\missing_style.css
[2026-06-03 20:14:16.958] [WARN] - Style file not found: C:\Users\user\AppData\Local\Temp\missing_style.css
